pe 23.10.2020 13.13.16 +0300

CUDA Driver Version:           11010
NVRM version:                  NVIDIA UNIX x86_64 Kernel Module  455.23.05  Fri Sep 18 19:37:12 UTC 2020

Device Number:                 0
Device Name:                   Tesla V100-SXM2-32GB
Device Revision Number:        7.0
Global Memory Size:            34089730048
Number of Multiprocessors:     80
Concurrent Copy and Execution: Yes
Total Constant Memory:         65536
Total Shared Memory per Block: 49152
Registers per Block:           65536
Warp Size:                     32
Maximum Threads per Block:     1024
Maximum Block Dimensions:      1024, 1024, 64
Maximum Grid Dimensions:       2147483647 x 65535 x 65535
Maximum Memory Pitch:          2147483647B
Texture Alignment:             512B
Clock Rate:                    1530 MHz
Execution Timeout:             No
Integrated Device:             No
Can Map Host Memory:           Yes
Compute Mode:                  default
Concurrent Kernels:            Yes
ECC Enabled:                   Yes
Memory Clock Rate:             877 MHz
Memory Bus Width:              4096 bits
L2 Cache Size:                 6291456 bytes
Max Threads Per SMP:           2048
Async Engines:                 5
Unified Addressing:            Yes
Managed Memory:                Yes
Concurrent Managed Memory:     Yes
Preemption Supported:          Yes
Cooperative Launch:            Yes
  Multi-Device:                Yes
PGI Default Target:            -ta=tesla:cc70

---- ./main.exe
Rows: 8120601, nnz: 218535025
Iteration: 0, Tolerance: 4.0067e+08
Iteration: 10, Tolerance: 1.8772e+07
Iteration: 20, Tolerance: 6.4359e+05
Iteration: 30, Tolerance: 2.3202e+04
Iteration: 40, Tolerance: 8.3565e+02
Iteration: 50, Tolerance: 3.0039e+01
Iteration: 60, Tolerance: 1.0764e+00
Iteration: 70, Tolerance: 3.8360e-02
Iteration: 80, Tolerance: 1.3515e-03
Iteration: 90, Tolerance: 4.6209e-05
Total Iterations: 100 Total Time: 69.497086s
---- end

---- ./main-fast.exe
Rows: 8120601, nnz: 218535025
Iteration: 0, Tolerance: 4.0067e+08
Iteration: 10, Tolerance: 1.8772e+07
Iteration: 20, Tolerance: 6.4359e+05
Iteration: 30, Tolerance: 2.3202e+04
Iteration: 40, Tolerance: 8.3565e+02
Iteration: 50, Tolerance: 3.0039e+01
Iteration: 60, Tolerance: 1.0764e+00
Iteration: 70, Tolerance: 3.8360e-02
Iteration: 80, Tolerance: 1.3515e-03
Iteration: 90, Tolerance: 4.6209e-05
Total Iterations: 100 Total Time: 28.410903s
---- end

---- ./main-acc.exe
Rows: 8120601, nnz: 218535025
Iteration: 0, Tolerance: 4.0067e+08
Iteration: 10, Tolerance: 1.8772e+07
Iteration: 20, Tolerance: 6.4359e+05
Iteration: 30, Tolerance: 2.3202e+04
Iteration: 40, Tolerance: 8.3565e+02
Iteration: 50, Tolerance: 3.0039e+01
Iteration: 60, Tolerance: 1.0764e+00
Iteration: 70, Tolerance: 3.8360e-02
Iteration: 80, Tolerance: 1.3515e-03
Iteration: 90, Tolerance: 4.6209e-05
Total Iterations: 100 Total Time: 0.633676s
---- end

---- ./main-acc-fast.exe
Rows: 8120601, nnz: 218535025
Iteration: 0, Tolerance: 4.0067e+08
Iteration: 10, Tolerance: 1.8772e+07
Iteration: 20, Tolerance: 6.4359e+05
Iteration: 30, Tolerance: 2.3202e+04
Iteration: 40, Tolerance: 8.3565e+02
Iteration: 50, Tolerance: 3.0039e+01
Iteration: 60, Tolerance: 1.0764e+00
Iteration: 70, Tolerance: 3.8360e-02
Iteration: 80, Tolerance: 1.3515e-03
Iteration: 90, Tolerance: 4.6209e-05
Total Iterations: 100 Total Time: 0.633362s
---- end

---- ./main-managed.exe
Rows: 8120601, nnz: 218535025
Iteration: 0, Tolerance: 4.0067e+08
Iteration: 10, Tolerance: 1.8772e+07
Iteration: 20, Tolerance: 6.4359e+05
Iteration: 30, Tolerance: 2.3202e+04
Iteration: 40, Tolerance: 8.3565e+02
Iteration: 50, Tolerance: 3.0039e+01
Iteration: 60, Tolerance: 1.0764e+00
Iteration: 70, Tolerance: 3.8360e-02
Iteration: 80, Tolerance: 1.3515e-03
Iteration: 90, Tolerance: 4.6209e-05
Total Iterations: 100 Total Time: 0.635565s
---- end

